<?xml version="1.0" encoding="UTF-8"?>
<testng-results ignored="0" total="1" passed="1" failed="0" skipped="0">
  <reporter-output>
  </reporter-output>
  <suite started-at="2026-08-03T15:07:55 IST" name="LoginSuite" finished-at="2026-08-03T15:10:19 IST" duration-ms="143274">
    <groups>
    </groups>
    <test started-at="2026-08-03T15:07:55 IST" name="LoginTest" finished-at="2026-08-03T15:10:19 IST" duration-ms="143274">
      <class name="leaf_test.LoginTest">
        <test-method is-config="true" signature="startReport()[pri:0, instance:leaf_test.LoginTest@241e8ea6]" started-at="2026-08-03T15:07:54 IST" name="startReport" finished-at="2026-08-03T15:07:55 IST" duration-ms="1030" status="PASS">
          <reporter-output>
          </reporter-output>
        </test-method> <!-- startReport -->
        <test-method is-config="true" signature="browserSetup(java.lang.String,java.lang.String)[pri:0, instance:leaf_test.LoginTest@241e8ea6]" started-at="2026-08-03T15:07:55 IST" name="browserSetup" finished-at="2026-08-03T15:10:11 IST" duration-ms="135211" status="PASS">
          <params>
            <param index="0">
              <value>
                <![CDATA[chrome]]>
              </value>
            </param>
            <param index="1">
              <value>
                <![CDATA[https://leaftaps.com/opentaps/control/main]]>
              </value>
            </param>
          </params>
          <reporter-output>
          </reporter-output>
        </test-method> <!-- browserSetup -->
        <test-method is-config="true" signature="pageSetup()[pri:0, instance:leaf_test.LoginTest@241e8ea6]" started-at="2026-08-03T15:10:11 IST" name="pageSetup" finished-at="2026-08-03T15:10:11 IST" duration-ms="367" status="PASS">
          <reporter-output>
          </reporter-output>
        </test-method> <!-- pageSetup -->
        <test-method signature="verifyLogin(java.lang.String,java.lang.String)[pri:0, instance:leaf_test.LoginTest@241e8ea6]" started-at="2026-08-03T15:10:11 IST" name="verifyLogin" data-provider="loginData" finished-at="2026-08-03T15:10:16 IST" duration-ms="5076" status="PASS">
          <params>
            <param index="0">
              <value>
                <![CDATA[DemoCSR]]>
              </value>
            </param>
            <param index="1">
              <value>
                <![CDATA[crmsfa]]>
              </value>
            </param>
          </params>
          <reporter-output>
          </reporter-output>
        </test-method> <!-- verifyLogin -->
        <test-method is-config="true" signature="tearDown()[pri:0, instance:leaf_test.LoginTest@241e8ea6]" started-at="2026-08-03T15:10:16 IST" name="tearDown" finished-at="2026-08-03T15:10:19 IST" duration-ms="2493" status="PASS">
          <reporter-output>
          </reporter-output>
        </test-method> <!-- tearDown -->
        <test-method is-config="true" signature="endReport()[pri:0, instance:leaf_test.LoginTest@241e8ea6]" started-at="2026-08-03T15:10:20 IST" name="endReport" finished-at="2026-08-03T15:10:20 IST" duration-ms="34" status="PASS">
          <reporter-output>
          </reporter-output>
        </test-method> <!-- endReport -->
      </class> <!-- leaf_test.LoginTest -->
    </test> <!-- LoginTest -->
  </suite> <!-- LoginSuite -->
</testng-results>
