<?xml version="1.0" encoding="UTF-8"?>
<testng-results ignored="0" total="1" passed="1" failed="0" skipped="0">
  <reporter-output>
  </reporter-output>
  <suite started-at="2026-08-03T21:12:18 IST" name="WelcomeSuite" finished-at="2026-08-03T21:14:29 IST" duration-ms="131549">
    <groups>
    </groups>
    <test started-at="2026-08-03T21:12:18 IST" name="WelcomeTest" finished-at="2026-08-03T21:14:29 IST" duration-ms="131549">
      <class name="leaf_test.WelcomeTest">
        <test-method is-config="true" signature="startReport()[pri:0, instance:leaf_test.WelcomeTest@67c2e933]" started-at="2026-08-03T21:12:17 IST" name="startReport" finished-at="2026-08-03T21:12:18 IST" duration-ms="498" status="PASS">
          <reporter-output>
          </reporter-output>
        </test-method> <!-- startReport -->
        <test-method is-config="true" signature="browserSetup(java.lang.String,java.lang.String)[pri:0, instance:leaf_test.WelcomeTest@67c2e933]" started-at="2026-08-03T21:12:18 IST" name="browserSetup" finished-at="2026-08-03T21:14:21 IST" duration-ms="123043" status="PASS">
          <params>
            <param index="0">
              <value>
                <![CDATA[chrome]]>
              </value>
            </param>
            <param index="1">
              <value>
                <![CDATA[https://leaftaps.com/opentaps/control/main]]>
              </value>
            </param>
          </params>
          <reporter-output>
          </reporter-output>
        </test-method> <!-- browserSetup -->
        <test-method is-config="true" signature="pageSetup()[pri:0, instance:leaf_test.WelcomeTest@67c2e933]" started-at="2026-08-03T21:14:21 IST" name="pageSetup" finished-at="2026-08-03T21:14:22 IST" duration-ms="1244" status="PASS">
          <reporter-output>
          </reporter-output>
        </test-method> <!-- pageSetup -->
        <test-method signature="verifyLogin(java.lang.String,java.lang.String)[pri:0, instance:leaf_test.WelcomeTest@67c2e933]" started-at="2026-08-03T21:14:22 IST" name="verifyLogin" data-provider="loginData" finished-at="2026-08-03T21:14:27 IST" duration-ms="5452" status="PASS">
          <params>
            <param index="0">
              <value>
                <![CDATA[DemoCSR]]>
              </value>
            </param>
            <param index="1">
              <value>
                <![CDATA[crmsfa]]>
              </value>
            </param>
          </params>
          <reporter-output>
          </reporter-output>
        </test-method> <!-- verifyLogin -->
        <test-method is-config="true" signature="tearDown()[pri:0, instance:leaf_test.WelcomeTest@67c2e933]" started-at="2026-08-03T21:14:27 IST" name="tearDown" finished-at="2026-08-03T21:14:29 IST" duration-ms="1633" status="PASS">
          <reporter-output>
          </reporter-output>
        </test-method> <!-- tearDown -->
        <test-method is-config="true" signature="endReport()[pri:0, instance:leaf_test.WelcomeTest@67c2e933]" started-at="2026-08-03T21:14:33 IST" name="endReport" finished-at="2026-08-03T21:14:33 IST" duration-ms="38" status="PASS">
          <reporter-output>
          </reporter-output>
        </test-method> <!-- endReport -->
      </class> <!-- leaf_test.WelcomeTest -->
    </test> <!-- WelcomeTest -->
  </suite> <!-- WelcomeSuite -->
</testng-results>
